How many days would you like to run the zoo?
Day 1
Zookeeper arrives at zoo on Day 1 at the zoo!
Zookeeper wakes Leo the Lion
Leo the Lion wakes up

Zookeeper wakes Larry the Lion
Larry the Lion wakes up

Zookeeper wakes Charlie the Cat
Charlie the Cat wakes up

Zookeeper wakes Camy the Cat
Camy the Cat wakes up

Zookeeper wakes Henry the Hippo
Henry the Hippo wakes up

Zookeeper wakes Harley the Hippo
Harley the Hippo wakes up

Zookeeper wakes Rich the Rhino
Rich the Rhino wakes up

Zookeeper wakes Raven the Rhion
Raven the Rhion wakes up

Zookeeper wakes Doug the Dog
Doug the Dog wakes up

Zookeeper wakes Daniel the Dog
Daniel the Dog wakes up

Zookeeper wakes Walter the Wolf
Walter the Wolf wakes up

Zookeeper wakes Warren the Wolf
Warren the Wolf wakes up

Zookeeper wakes Fred the Frog
Fred the Frog wakes up

Zookeeper wakes Francis the Frog
Francis the Frog wakes up

Zookeeper wakes Tim the Toad
Tim the Toad wakes up

Zookeeper wakes Toadete the Toad
Toadete the Toad wakes up

ROLL CALL!!!

Leo the Lion Roars!

Larry the Lion Roars!

Charlie the Cat Purrs...

Camy the Cat Purrs...

Henry the Hippo Hums

Harley the Hippo Hums

Rich the Rhino Snorts

Raven the Rhion Snorts

Doug the Dog Barks

Daniel the Dog Barks

Walter the Wolf Howls

Warren the Wolf Howls

Fred the Frog Ribbits

Francis the Frog Ribbits

Tim the Toad Croaks

Toadete the Toad Croaks

Zookeeper feeds Leo the Lion
Leo the Lion eats

Zookeeper feeds Larry the Lion
Larry the Lion eats

Zookeeper feeds Charlie the Cat
Charlie the Cat eats

Zookeeper feeds Camy the Cat
Camy the Cat eats

Zookeeper feeds Henry the Hippo
Henry the Hippo eats

Zookeeper feeds Harley the Hippo
Harley the Hippo eats

Zookeeper feeds Rich the Rhino
Rich the Rhino eats

Zookeeper feeds Raven the Rhion
Raven the Rhion eats

Zookeeper feeds Doug the Dog
Doug the Dog eats

Zookeeper feeds Daniel the Dog
Daniel the Dog eats

Zookeeper feeds Walter the Wolf
Walter the Wolf eats

Zookeeper feeds Warren the Wolf
Warren the Wolf eats

Zookeeper feeds Fred the Frog
Fred the Frog eats

Zookeeper feeds Francis the Frog
Francis the Frog eats

Zookeeper feeds Tim the Toad
Tim the Toad eats

Zookeeper feeds Toadete the Toad
Toadete the Toad eats

Zookeeper tells Leo the Lion Exercises
Leo the Lion roams

Zookeeper tells Larry the Lion Exercises
Larry the Lion roams

Zookeeper tells Charlie the Cat Exercises
Charlie the Cat roams

Zookeeper tells Camy the Cat Exercises
Camy the Cat roams

Zookeeper tells Henry the Hippo Exercises
Henry the Hippo roams

Zookeeper tells Harley the Hippo Exercises
Harley the Hippo roams

Zookeeper tells Rich the Rhino Exercises
Rich the Rhino roams

Zookeeper tells Raven the Rhion Exercises
Raven the Rhion roams

Zookeeper tells Doug the Dog Exercises
Doug the Dog roam

Zookeeper tells Daniel the Dog Exercises
Daniel the Dog roam

Zookeeper tells Walter the Wolf Exercises
Walter the Wolf roams

Zookeeper tells Warren the Wolf Exercises
Warren the Wolf roams

Zookeeper tells Fred the Frog Exercises
Fred the Frog roams

Zookeeper tells Francis the Frog Exercises
Francis the Frog roams

Zookeeper tells Tim the Toad Exercises
Tim the Toad roams

Zookeeper tells Toadete the Toad Exercises
Toadete the Toad roams

Zookeeper tells Leo the Lion goes to Sleep
Leo the Lion Roars!

Zookeeper tells Larry the Lion goes to Sleep
Larry the Lion Roars!

Zookeeper tells Charlie the Cat goes to Sleep
Charlie the Cat roams

Zookeeper tells Camy the Cat goes to Sleep
Camy the Cat roams

Zookeeper tells Henry the Hippo goes to Sleep
Henry the Hippo goes to sleep

Zookeeper tells Harley the Hippo goes to Sleep
Harley the Hippo goes to sleep

Zookeeper tells Rich the Rhino goes to Sleep
Rich the Rhino goes to sleep

Zookeeper tells Raven the Rhion goes to Sleep
Raven the Rhion goes to sleep

Zookeeper tells Doug the Dog goes to Sleep
Doug the Dog goes to sleep

Zookeeper tells Daniel the Dog goes to Sleep
Daniel the Dog goes to sleep

Zookeeper tells Walter the Wolf goes to Sleep
Walter the Wolf goes to sleep

Zookeeper tells Warren the Wolf goes to Sleep
Warren the Wolf goes to sleep

Zookeeper tells Fred the Frog goes to Sleep
Fred the Frog goes to sleep

Zookeeper tells Francis the Frog goes to Sleep
Francis the Frog goes to sleep

Zookeeper tells Tim the Toad goes to Sleep
Tim the Toad goes to sleep

Zookeeper tells Toadete the Toad goes to Sleep
Toadete the Toad goes to sleep

Zookeeper leaves the zoo for the night

Day 2
Zookeeper arrives at zoo on Day 2 at the zoo!
Zookeeper wakes Leo the Lion
Leo the Lion wakes up

Zookeeper wakes Larry the Lion
Larry the Lion wakes up

Zookeeper wakes Charlie the Cat
Charlie the Cat wakes up

Zookeeper wakes Camy the Cat
Camy the Cat wakes up

Zookeeper wakes Henry the Hippo
Henry the Hippo wakes up

Zookeeper wakes Harley the Hippo
Harley the Hippo wakes up

Zookeeper wakes Rich the Rhino
Rich the Rhino wakes up

Zookeeper wakes Raven the Rhion
Raven the Rhion wakes up

Zookeeper wakes Doug the Dog
Doug the Dog wakes up

Zookeeper wakes Daniel the Dog
Daniel the Dog wakes up

Zookeeper wakes Walter the Wolf
Walter the Wolf wakes up

Zookeeper wakes Warren the Wolf
Warren the Wolf wakes up

Zookeeper wakes Fred the Frog
Fred the Frog wakes up

Zookeeper wakes Francis the Frog
Francis the Frog wakes up

Zookeeper wakes Tim the Toad
Tim the Toad wakes up

Zookeeper wakes Toadete the Toad
Toadete the Toad wakes up

ROLL CALL!!!

Leo the Lion Roars!

Larry the Lion Roars!

Charlie the Cat Purrs...

Camy the Cat Purrs...

Henry the Hippo Hums

Harley the Hippo Hums

Rich the Rhino Snorts

Raven the Rhion Snorts

Doug the Dog Barks

Daniel the Dog Barks

Walter the Wolf Howls

Warren the Wolf Howls

Fred the Frog Ribbits

Francis the Frog Ribbits

Tim the Toad Croaks

Toadete the Toad Croaks

Zookeeper feeds Leo the Lion
Leo the Lion eats

Zookeeper feeds Larry the Lion
Larry the Lion eats

Zookeeper feeds Charlie the Cat
Charlie the Cat eats

Zookeeper feeds Camy the Cat
Camy the Cat eats

Zookeeper feeds Henry the Hippo
Henry the Hippo eats

Zookeeper feeds Harley the Hippo
Harley the Hippo eats

Zookeeper feeds Rich the Rhino
Rich the Rhino eats

Zookeeper feeds Raven the Rhion
Raven the Rhion eats

Zookeeper feeds Doug the Dog
Doug the Dog eats

Zookeeper feeds Daniel the Dog
Daniel the Dog eats

Zookeeper feeds Walter the Wolf
Walter the Wolf eats

Zookeeper feeds Warren the Wolf
Warren the Wolf eats

Zookeeper feeds Fred the Frog
Fred the Frog eats

Zookeeper feeds Francis the Frog
Francis the Frog eats

Zookeeper feeds Tim the Toad
Tim the Toad eats

Zookeeper feeds Toadete the Toad
Toadete the Toad eats

Zookeeper tells Leo the Lion Exercises
Leo the Lion roams

Zookeeper tells Larry the Lion Exercises
Larry the Lion roams

Zookeeper tells Charlie the Cat Exercises
Charlie the Cat roams

Zookeeper tells Camy the Cat Exercises
Camy the Cat roams

Zookeeper tells Henry the Hippo Exercises
Henry the Hippo roams

Zookeeper tells Harley the Hippo Exercises
Harley the Hippo Charges!!

Zookeeper tells Rich the Rhino Exercises
Rich the Rhino roams

Zookeeper tells Raven the Rhion Exercises
Raven the Rhion roams

Zookeeper tells Doug the Dog Exercises
Doug the Dog roam

Zookeeper tells Daniel the Dog Exercises
Daniel the Dog roam

Zookeeper tells Walter the Wolf Exercises
Walter the Wolf roams

Zookeeper tells Warren the Wolf Exercises
Warren the Wolf roams

Zookeeper tells Fred the Frog Exercises
Fred the Frog roams

Zookeeper tells Francis the Frog Exercises
Francis the Frog roams

Zookeeper tells Tim the Toad Exercises
Tim the Toad roams

Zookeeper tells Toadete the Toad Exercises
Toadete the Toad roams

Zookeeper tells Leo the Lion goes to Sleep
Leo the Lion roams

Zookeeper tells Larry the Lion goes to Sleep
Larry the Lion Roars!

Zookeeper tells Charlie the Cat goes to Sleep
Charlie the Cat roams

Zookeeper tells Camy the Cat goes to Sleep
Camy the Cat Purrs...

Zookeeper tells Henry the Hippo goes to Sleep
Henry the Hippo goes to sleep

Zookeeper tells Harley the Hippo goes to Sleep
Harley the Hippo goes to sleep

Zookeeper tells Rich the Rhino goes to Sleep
Rich the Rhino goes to sleep

Zookeeper tells Raven the Rhion goes to Sleep
Raven the Rhion goes to sleep

Zookeeper tells Doug the Dog goes to Sleep
Doug the Dog goes to sleep

Zookeeper tells Daniel the Dog goes to Sleep
Daniel the Dog goes to sleep

Zookeeper tells Walter the Wolf goes to Sleep
Walter the Wolf goes to sleep

Zookeeper tells Warren the Wolf goes to Sleep
Warren the Wolf goes to sleep

Zookeeper tells Fred the Frog goes to Sleep
Fred the Frog goes to sleep

Zookeeper tells Francis the Frog goes to Sleep
Francis the Frog goes to sleep

Zookeeper tells Tim the Toad goes to Sleep
Tim the Toad goes to sleep

Zookeeper tells Toadete the Toad goes to Sleep
Toadete the Toad goes to sleep

Zookeeper leaves the zoo for the night

Day 3
Zookeeper arrives at zoo on Day 3 at the zoo!
Zookeeper wakes Leo the Lion
Leo the Lion wakes up

Zookeeper wakes Larry the Lion
Larry the Lion wakes up

Zookeeper wakes Charlie the Cat
Charlie the Cat wakes up

Zookeeper wakes Camy the Cat
Camy the Cat wakes up

Zookeeper wakes Henry the Hippo
Henry the Hippo wakes up

Zookeeper wakes Harley the Hippo
Harley the Hippo wakes up

Zookeeper wakes Rich the Rhino
Rich the Rhino wakes up

Zookeeper wakes Raven the Rhion
Raven the Rhion wakes up

Zookeeper wakes Doug the Dog
Doug the Dog wakes up

Zookeeper wakes Daniel the Dog
Daniel the Dog wakes up

Zookeeper wakes Walter the Wolf
Walter the Wolf wakes up

Zookeeper wakes Warren the Wolf
Warren the Wolf wakes up

Zookeeper wakes Fred the Frog
Fred the Frog wakes up

Zookeeper wakes Francis the Frog
Francis the Frog wakes up

Zookeeper wakes Tim the Toad
Tim the Toad wakes up

Zookeeper wakes Toadete the Toad
Toadete the Toad wakes up

ROLL CALL!!!

Leo the Lion Roars!

Larry the Lion Roars!

Charlie the Cat Purrs...

Camy the Cat Purrs...

Henry the Hippo Hums

Harley the Hippo Hums

Rich the Rhino Snorts

Raven the Rhion Snorts

Doug the Dog Barks

Daniel the Dog Barks

Walter the Wolf Howls

Warren the Wolf Howls

Fred the Frog Ribbits

Francis the Frog Ribbits

Tim the Toad Croaks

Toadete the Toad Croaks

Zookeeper feeds Leo the Lion
Leo the Lion eats

Zookeeper feeds Larry the Lion
Larry the Lion eats

Zookeeper feeds Charlie the Cat
Charlie the Cat eats

Zookeeper feeds Camy the Cat
Camy the Cat eats

Zookeeper feeds Henry the Hippo
Henry the Hippo eats

Zookeeper feeds Harley the Hippo
Harley the Hippo eats

Zookeeper feeds Rich the Rhino
Rich the Rhino eats

Zookeeper feeds Raven the Rhion
Raven the Rhion eats

Zookeeper feeds Doug the Dog
Doug the Dog eats

Zookeeper feeds Daniel the Dog
Daniel the Dog eats

Zookeeper feeds Walter the Wolf
Walter the Wolf eats

Zookeeper feeds Warren the Wolf
Warren the Wolf eats

Zookeeper feeds Fred the Frog
Fred the Frog eats

Zookeeper feeds Francis the Frog
Francis the Frog eats

Zookeeper feeds Tim the Toad
Tim the Toad eats

Zookeeper feeds Toadete the Toad
Toadete the Toad eats

Zookeeper tells Leo the Lion Exercises
Leo the Lion roams

Zookeeper tells Larry the Lion Exercises
Larry the Lion roams

Zookeeper tells Charlie the Cat Exercises
Charlie the Cat roams

Zookeeper tells Camy the Cat Exercises
Camy the Cat roams

Zookeeper tells Henry the Hippo Exercises
Henry the Hippo roams

Zookeeper tells Harley the Hippo Exercises
Harley the Hippo roams

Zookeeper tells Rich the Rhino Exercises
Rich the Rhino roams

Zookeeper tells Raven the Rhion Exercises
Raven the Rhion roams

Zookeeper tells Doug the Dog Exercises
Doug the Dog roam

Zookeeper tells Daniel the Dog Exercises
Daniel the Dog roam

Zookeeper tells Walter the Wolf Exercises
Walter the Wolf roams

Zookeeper tells Warren the Wolf Exercises
Warren the Wolf roams

Zookeeper tells Fred the Frog Exercises
Fred the Frog roams

Zookeeper tells Francis the Frog Exercises
Francis the Frog roams

Zookeeper tells Tim the Toad Exercises
Tim the Toad roams

Zookeeper tells Toadete the Toad Exercises
Toadete the Toad roams

Zookeeper tells Leo the Lion goes to Sleep
Leo the Lion Roars!

Zookeeper tells Larry the Lion goes to Sleep
Larry the Lion roams

Zookeeper tells Charlie the Cat goes to Sleep
Charlie the Cat roams

Zookeeper tells Camy the Cat goes to Sleep
Camy the Cat roams

Zookeeper tells Henry the Hippo goes to Sleep
Henry the Hippo goes to sleep

Zookeeper tells Harley the Hippo goes to Sleep
Harley the Hippo goes to sleep

Zookeeper tells Rich the Rhino goes to Sleep
Rich the Rhino goes to sleep

Zookeeper tells Raven the Rhion goes to Sleep
Raven the Rhion goes to sleep

Zookeeper tells Doug the Dog goes to Sleep
Doug the Dog goes to sleep

Zookeeper tells Daniel the Dog goes to Sleep
Daniel the Dog goes to sleep

Zookeeper tells Walter the Wolf goes to Sleep
Walter the Wolf goes to sleep

Zookeeper tells Warren the Wolf goes to Sleep
Warren the Wolf goes to sleep

Zookeeper tells Fred the Frog goes to Sleep
Fred the Frog goes to sleep

Zookeeper tells Francis the Frog goes to Sleep
Francis the Frog goes to sleep

Zookeeper tells Tim the Toad goes to Sleep
Tim the Toad goes to sleep

Zookeeper tells Toadete the Toad goes to Sleep
Toadete the Toad goes to sleep

Zookeeper leaves the zoo for the night

Day 4
Zookeeper arrives at zoo on Day 4 at the zoo!
Zookeeper wakes Leo the Lion
Leo the Lion wakes up

Zookeeper wakes Larry the Lion
Larry the Lion wakes up

Zookeeper wakes Charlie the Cat
Charlie the Cat wakes up

Zookeeper wakes Camy the Cat
Camy the Cat wakes up

Zookeeper wakes Henry the Hippo
Henry the Hippo wakes up

Zookeeper wakes Harley the Hippo
Harley the Hippo wakes up

Zookeeper wakes Rich the Rhino
Rich the Rhino wakes up

Zookeeper wakes Raven the Rhion
Raven the Rhion wakes up

Zookeeper wakes Doug the Dog
Doug the Dog wakes up

Zookeeper wakes Daniel the Dog
Daniel the Dog wakes up

Zookeeper wakes Walter the Wolf
Walter the Wolf wakes up

Zookeeper wakes Warren the Wolf
Warren the Wolf wakes up

Zookeeper wakes Fred the Frog
Fred the Frog wakes up

Zookeeper wakes Francis the Frog
Francis the Frog wakes up

Zookeeper wakes Tim the Toad
Tim the Toad wakes up

Zookeeper wakes Toadete the Toad
Toadete the Toad wakes up

ROLL CALL!!!

Leo the Lion Roars!

Larry the Lion Roars!

Charlie the Cat Purrs...

Camy the Cat Purrs...

Henry the Hippo Hums

Harley the Hippo Hums

Rich the Rhino Snorts

Raven the Rhion Snorts

Doug the Dog Barks

Daniel the Dog Barks

Walter the Wolf Howls

Warren the Wolf Howls

Fred the Frog Ribbits

Francis the Frog Ribbits

Tim the Toad Croaks

Toadete the Toad Croaks

Zookeeper feeds Leo the Lion
Leo the Lion eats

Zookeeper feeds Larry the Lion
Larry the Lion eats

Zookeeper feeds Charlie the Cat
Charlie the Cat eats

Zookeeper feeds Camy the Cat
Camy the Cat eats

Zookeeper feeds Henry the Hippo
Henry the Hippo eats

Zookeeper feeds Harley the Hippo
Harley the Hippo eats

Zookeeper feeds Rich the Rhino
Rich the Rhino eats

Zookeeper feeds Raven the Rhion
Raven the Rhion eats

Zookeeper feeds Doug the Dog
Doug the Dog eats

Zookeeper feeds Daniel the Dog
Daniel the Dog eats

Zookeeper feeds Walter the Wolf
Walter the Wolf eats

Zookeeper feeds Warren the Wolf
Warren the Wolf eats

Zookeeper feeds Fred the Frog
Fred the Frog eats

Zookeeper feeds Francis the Frog
Francis the Frog eats

Zookeeper feeds Tim the Toad
Tim the Toad eats

Zookeeper feeds Toadete the Toad
Toadete the Toad eats

Zookeeper tells Leo the Lion Exercises
Leo the Lion roams

Zookeeper tells Larry the Lion Exercises
Larry the Lion roams

Zookeeper tells Charlie the Cat Exercises
Charlie the Cat roams

Zookeeper tells Camy the Cat Exercises
Camy the Cat roams

Zookeeper tells Henry the Hippo Exercises
Henry the Hippo Charges!!

Zookeeper tells Harley the Hippo Exercises
Harley the Hippo roams

Zookeeper tells Rich the Rhino Exercises
Rich the Rhino roams

Zookeeper tells Raven the Rhion Exercises
Raven the Rhion roams

Zookeeper tells Doug the Dog Exercises
Doug the Dog roam

Zookeeper tells Daniel the Dog Exercises
Daniel the Dog decided to Dig instead of Roam

Zookeeper tells Walter the Wolf Exercises
Walter the Wolf roams

Zookeeper tells Warren the Wolf Exercises
Warren the Wolf roams

Zookeeper tells Fred the Frog Exercises
Fred the Frog roams

Zookeeper tells Francis the Frog Exercises
Francis the Frog roams

Zookeeper tells Tim the Toad Exercises
Tim the Toad roams

Zookeeper tells Toadete the Toad Exercises
Toadete the Toad roams

Zookeeper tells Leo the Lion goes to Sleep
Leo the Lion roams

Zookeeper tells Larry the Lion goes to Sleep
Larry the Lion Roars!

Zookeeper tells Charlie the Cat goes to Sleep
Charlie the Cat Purrs...

Zookeeper tells Camy the Cat goes to Sleep
Camy the Cat Purrs...

Zookeeper tells Henry the Hippo goes to Sleep
Henry the Hippo goes to sleep

Zookeeper tells Harley the Hippo goes to Sleep
Harley the Hippo goes to sleep

Zookeeper tells Rich the Rhino goes to Sleep
Rich the Rhino goes to sleep

Zookeeper tells Raven the Rhion goes to Sleep
Raven the Rhion goes to sleep

Zookeeper tells Doug the Dog goes to Sleep
Doug the Dog goes to sleep

Zookeeper tells Daniel the Dog goes to Sleep
Daniel the Dog goes to sleep

Zookeeper tells Walter the Wolf goes to Sleep
Walter the Wolf goes to sleep

Zookeeper tells Warren the Wolf goes to Sleep
Warren the Wolf goes to sleep

Zookeeper tells Fred the Frog goes to Sleep
Fred the Frog goes to sleep

Zookeeper tells Francis the Frog goes to Sleep
Francis the Frog goes to sleep

Zookeeper tells Tim the Toad goes to Sleep
Tim the Toad goes to sleep

Zookeeper tells Toadete the Toad goes to Sleep
Toadete the Toad goes to sleep

Zookeeper leaves the zoo for the night

Day 5
Zookeeper arrives at zoo on Day 5 at the zoo!
Zookeeper wakes Leo the Lion
Leo the Lion wakes up

Zookeeper wakes Larry the Lion
Larry the Lion wakes up

Zookeeper wakes Charlie the Cat
Charlie the Cat wakes up

Zookeeper wakes Camy the Cat
Camy the Cat wakes up

Zookeeper wakes Henry the Hippo
Henry the Hippo wakes up

Zookeeper wakes Harley the Hippo
Harley the Hippo wakes up

Zookeeper wakes Rich the Rhino
Rich the Rhino wakes up

Zookeeper wakes Raven the Rhion
Raven the Rhion wakes up

Zookeeper wakes Doug the Dog
Doug the Dog wakes up

Zookeeper wakes Daniel the Dog
Daniel the Dog wakes up

Zookeeper wakes Walter the Wolf
Walter the Wolf wakes up

Zookeeper wakes Warren the Wolf
Warren the Wolf wakes up

Zookeeper wakes Fred the Frog
Fred the Frog wakes up

Zookeeper wakes Francis the Frog
Francis the Frog wakes up

Zookeeper wakes Tim the Toad
Tim the Toad wakes up

Zookeeper wakes Toadete the Toad
Toadete the Toad wakes up

ROLL CALL!!!

Leo the Lion Roars!

Larry the Lion Roars!

Charlie the Cat Purrs...

Camy the Cat Purrs...

Henry the Hippo Hums

Harley the Hippo Hums

Rich the Rhino Snorts

Raven the Rhion Snorts

Doug the Dog Barks

Daniel the Dog Barks

Walter the Wolf Howls

Warren the Wolf Howls

Fred the Frog Ribbits

Francis the Frog Ribbits

Tim the Toad Croaks

Toadete the Toad Croaks

Zookeeper feeds Leo the Lion
Leo the Lion eats

Zookeeper feeds Larry the Lion
Larry the Lion eats

Zookeeper feeds Charlie the Cat
Charlie the Cat eats

Zookeeper feeds Camy the Cat
Camy the Cat eats

Zookeeper feeds Henry the Hippo
Henry the Hippo eats

Zookeeper feeds Harley the Hippo
Harley the Hippo eats

Zookeeper feeds Rich the Rhino
Rich the Rhino eats

Zookeeper feeds Raven the Rhion
Raven the Rhion eats

Zookeeper feeds Doug the Dog
Doug the Dog eats

Zookeeper feeds Daniel the Dog
Daniel the Dog eats

Zookeeper feeds Walter the Wolf
Walter the Wolf eats

Zookeeper feeds Warren the Wolf
Warren the Wolf eats

Zookeeper feeds Fred the Frog
Fred the Frog eats

Zookeeper feeds Francis the Frog
Francis the Frog eats

Zookeeper feeds Tim the Toad
Tim the Toad eats

Zookeeper feeds Toadete the Toad
Toadete the Toad eats

Zookeeper tells Leo the Lion Exercises
Leo the Lion roams

Zookeeper tells Larry the Lion Exercises
Larry the Lion roams

Zookeeper tells Charlie the Cat Exercises
Charlie the Cat roams

Zookeeper tells Camy the Cat Exercises
Camy the Cat roams

Zookeeper tells Henry the Hippo Exercises
Henry the Hippo roams

Zookeeper tells Harley the Hippo Exercises
Harley the Hippo Charges!!

Zookeeper tells Rich the Rhino Exercises
Rich the Rhino Charges!!

Zookeeper tells Raven the Rhion Exercises
Raven the Rhion roams

Zookeeper tells Doug the Dog Exercises
Doug the Dog roam

Zookeeper tells Daniel the Dog Exercises
Daniel the Dog roam

Zookeeper tells Walter the Wolf Exercises
Walter the Wolf roams

Zookeeper tells Warren the Wolf Exercises
Warren the Wolf roams

Zookeeper tells Fred the Frog Exercises
Fred the Frog roams

Zookeeper tells Francis the Frog Exercises
Francis the Frog roams

Zookeeper tells Tim the Toad Exercises
Tim the Toad roams

Zookeeper tells Toadete the Toad Exercises
Toadete the Toad roams

Zookeeper tells Leo the Lion goes to Sleep
Leo the Lion roams

Zookeeper tells Larry the Lion goes to Sleep
Larry the Lion Roars!

Zookeeper tells Charlie the Cat goes to Sleep
Charlie the Cat roams

Zookeeper tells Camy the Cat goes to Sleep
Camy the Cat Purrs...

Zookeeper tells Henry the Hippo goes to Sleep
Henry the Hippo goes to sleep

Zookeeper tells Harley the Hippo goes to Sleep
Harley the Hippo goes to sleep

Zookeeper tells Rich the Rhino goes to Sleep
Rich the Rhino goes to sleep

Zookeeper tells Raven the Rhion goes to Sleep
Raven the Rhion goes to sleep

Zookeeper tells Doug the Dog goes to Sleep
Doug the Dog goes to sleep

Zookeeper tells Daniel the Dog goes to Sleep
Daniel the Dog goes to sleep

Zookeeper tells Walter the Wolf goes to Sleep
Walter the Wolf goes to sleep

Zookeeper tells Warren the Wolf goes to Sleep
Warren the Wolf goes to sleep

Zookeeper tells Fred the Frog goes to Sleep
Fred the Frog goes to sleep

Zookeeper tells Francis the Frog goes to Sleep
Francis the Frog goes to sleep

Zookeeper tells Tim the Toad goes to Sleep
Tim the Toad goes to sleep

Zookeeper tells Toadete the Toad goes to Sleep
Toadete the Toad goes to sleep

Zookeeper leaves the zoo for the night

Day 6
Zookeeper arrives at zoo on Day 6 at the zoo!
Zookeeper wakes Leo the Lion
Leo the Lion wakes up

Zookeeper wakes Larry the Lion
Larry the Lion wakes up

Zookeeper wakes Charlie the Cat
Charlie the Cat wakes up

Zookeeper wakes Camy the Cat
Camy the Cat wakes up

Zookeeper wakes Henry the Hippo
Henry the Hippo wakes up

Zookeeper wakes Harley the Hippo
Harley the Hippo wakes up

Zookeeper wakes Rich the Rhino
Rich the Rhino wakes up

Zookeeper wakes Raven the Rhion
Raven the Rhion wakes up

Zookeeper wakes Doug the Dog
Doug the Dog wakes up

Zookeeper wakes Daniel the Dog
Daniel the Dog wakes up

Zookeeper wakes Walter the Wolf
Walter the Wolf wakes up

Zookeeper wakes Warren the Wolf
Warren the Wolf wakes up

Zookeeper wakes Fred the Frog
Fred the Frog wakes up

Zookeeper wakes Francis the Frog
Francis the Frog wakes up

Zookeeper wakes Tim the Toad
Tim the Toad wakes up

Zookeeper wakes Toadete the Toad
Toadete the Toad wakes up

ROLL CALL!!!

Leo the Lion Roars!

Larry the Lion Roars!

Charlie the Cat Purrs...

Camy the Cat Purrs...

Henry the Hippo Hums

Harley the Hippo Hums

Rich the Rhino Snorts

Raven the Rhion Snorts

Doug the Dog Barks

Daniel the Dog Barks

Walter the Wolf Howls

Warren the Wolf Howls

Fred the Frog Ribbits

Francis the Frog Ribbits

Tim the Toad Croaks

Toadete the Toad Croaks

Zookeeper feeds Leo the Lion
Leo the Lion eats

Zookeeper feeds Larry the Lion
Larry the Lion eats

Zookeeper feeds Charlie the Cat
Charlie the Cat eats

Zookeeper feeds Camy the Cat
Camy the Cat eats

Zookeeper feeds Henry the Hippo
Henry the Hippo eats

Zookeeper feeds Harley the Hippo
Harley the Hippo eats

Zookeeper feeds Rich the Rhino
Rich the Rhino eats

Zookeeper feeds Raven the Rhion
Raven the Rhion eats

Zookeeper feeds Doug the Dog
Doug the Dog eats

Zookeeper feeds Daniel the Dog
Daniel the Dog eats

Zookeeper feeds Walter the Wolf
Walter the Wolf eats

Zookeeper feeds Warren the Wolf
Warren the Wolf eats

Zookeeper feeds Fred the Frog
Fred the Frog eats

Zookeeper feeds Francis the Frog
Francis the Frog eats

Zookeeper feeds Tim the Toad
Tim the Toad eats

Zookeeper feeds Toadete the Toad
Toadete the Toad eats

Zookeeper tells Leo the Lion Exercises
Leo the Lion roams

Zookeeper tells Larry the Lion Exercises
Larry the Lion roams

Zookeeper tells Charlie the Cat Exercises
Charlie the Cat roams

Zookeeper tells Camy the Cat Exercises
Camy the Cat roams

Zookeeper tells Henry the Hippo Exercises
Henry the Hippo roams

Zookeeper tells Harley the Hippo Exercises
Harley the Hippo roams

Zookeeper tells Rich the Rhino Exercises
Rich the Rhino roams

Zookeeper tells Raven the Rhion Exercises
Raven the Rhion Charges!!

Zookeeper tells Doug the Dog Exercises
Doug the Dog roam

Zookeeper tells Daniel the Dog Exercises
Daniel the Dog roam

Zookeeper tells Walter the Wolf Exercises
Walter the Wolf roams

Zookeeper tells Warren the Wolf Exercises
Warren the Wolf roams

Zookeeper tells Fred the Frog Exercises
Fred the Frog roams

Zookeeper tells Francis the Frog Exercises
Francis the Frog roams

Zookeeper tells Tim the Toad Exercises
Tim the Toad roams

Zookeeper tells Toadete the Toad Exercises
Toadete the Toad roams

Zookeeper tells Leo the Lion goes to Sleep
Leo the Lion Roars!

Zookeeper tells Larry the Lion goes to Sleep
Larry the Lion Roars!

Zookeeper tells Charlie the Cat goes to Sleep
Charlie the Cat roams

Zookeeper tells Camy the Cat goes to Sleep
Camy the Cat Purrs...

Zookeeper tells Henry the Hippo goes to Sleep
Henry the Hippo goes to sleep

Zookeeper tells Harley the Hippo goes to Sleep
Harley the Hippo goes to sleep

Zookeeper tells Rich the Rhino goes to Sleep
Rich the Rhino goes to sleep

Zookeeper tells Raven the Rhion goes to Sleep
Raven the Rhion goes to sleep

Zookeeper tells Doug the Dog goes to Sleep
Doug the Dog goes to sleep

Zookeeper tells Daniel the Dog goes to Sleep
Daniel the Dog goes to sleep

Zookeeper tells Walter the Wolf goes to Sleep
Walter the Wolf goes to sleep

Zookeeper tells Warren the Wolf goes to Sleep
Warren the Wolf goes to sleep

Zookeeper tells Fred the Frog goes to Sleep
Fred the Frog goes to sleep

Zookeeper tells Francis the Frog goes to Sleep
Francis the Frog goes to sleep

Zookeeper tells Tim the Toad goes to Sleep
Tim the Toad goes to sleep

Zookeeper tells Toadete the Toad goes to Sleep
Toadete the Toad goes to sleep

Zookeeper leaves the zoo for the night

Day 7
Zookeeper arrives at zoo on Day 7 at the zoo!
Zookeeper wakes Leo the Lion
Leo the Lion wakes up

Zookeeper wakes Larry the Lion
Larry the Lion wakes up

Zookeeper wakes Charlie the Cat
Charlie the Cat wakes up

Zookeeper wakes Camy the Cat
Camy the Cat wakes up

Zookeeper wakes Henry the Hippo
Henry the Hippo wakes up

Zookeeper wakes Harley the Hippo
Harley the Hippo wakes up

Zookeeper wakes Rich the Rhino
Rich the Rhino wakes up

Zookeeper wakes Raven the Rhion
Raven the Rhion wakes up

Zookeeper wakes Doug the Dog
Doug the Dog wakes up

Zookeeper wakes Daniel the Dog
Daniel the Dog wakes up

Zookeeper wakes Walter the Wolf
Walter the Wolf wakes up

Zookeeper wakes Warren the Wolf
Warren the Wolf wakes up

Zookeeper wakes Fred the Frog
Fred the Frog wakes up

Zookeeper wakes Francis the Frog
Francis the Frog wakes up

Zookeeper wakes Tim the Toad
Tim the Toad wakes up

Zookeeper wakes Toadete the Toad
Toadete the Toad wakes up

ROLL CALL!!!

Leo the Lion Roars!

Larry the Lion Roars!

Charlie the Cat Purrs...

Camy the Cat Purrs...

Henry the Hippo Hums

Harley the Hippo Hums

Rich the Rhino Snorts

Raven the Rhion Snorts

Doug the Dog Barks

Daniel the Dog Barks

Walter the Wolf Howls

Warren the Wolf Howls

Fred the Frog Ribbits

Francis the Frog Ribbits

Tim the Toad Croaks

Toadete the Toad Croaks

Zookeeper feeds Leo the Lion
Leo the Lion eats

Zookeeper feeds Larry the Lion
Larry the Lion eats

Zookeeper feeds Charlie the Cat
Charlie the Cat eats

Zookeeper feeds Camy the Cat
Camy the Cat eats

Zookeeper feeds Henry the Hippo
Henry the Hippo eats

Zookeeper feeds Harley the Hippo
Harley the Hippo eats

Zookeeper feeds Rich the Rhino
Rich the Rhino eats

Zookeeper feeds Raven the Rhion
Raven the Rhion eats

Zookeeper feeds Doug the Dog
Doug the Dog eats

Zookeeper feeds Daniel the Dog
Daniel the Dog eats

Zookeeper feeds Walter the Wolf
Walter the Wolf eats

Zookeeper feeds Warren the Wolf
Warren the Wolf eats

Zookeeper feeds Fred the Frog
Fred the Frog eats

Zookeeper feeds Francis the Frog
Francis the Frog eats

Zookeeper feeds Tim the Toad
Tim the Toad eats

Zookeeper feeds Toadete the Toad
Toadete the Toad eats

Zookeeper tells Leo the Lion Exercises
Leo the Lion roams

Zookeeper tells Larry the Lion Exercises
Larry the Lion roams

Zookeeper tells Charlie the Cat Exercises
Charlie the Cat roams

Zookeeper tells Camy the Cat Exercises
Camy the Cat roams

Zookeeper tells Henry the Hippo Exercises
Henry the Hippo roams

Zookeeper tells Harley the Hippo Exercises
Harley the Hippo roams

Zookeeper tells Rich the Rhino Exercises
Rich the Rhino roams

Zookeeper tells Raven the Rhion Exercises
Raven the Rhion roams

Zookeeper tells Doug the Dog Exercises
Doug the Dog roam

Zookeeper tells Daniel the Dog Exercises
Daniel the Dog roam

Zookeeper tells Walter the Wolf Exercises
Walter the Wolf roams

Zookeeper tells Warren the Wolf Exercises
Warren the Wolf roams

Zookeeper tells Fred the Frog Exercises
Fred the Frog roams

Zookeeper tells Francis the Frog Exercises
Francis the Frog roams

Zookeeper tells Tim the Toad Exercises
Tim the Toad roams

Zookeeper tells Toadete the Toad Exercises
Toadete the Toad roams

Zookeeper tells Leo the Lion goes to Sleep
Leo the Lion roams

Zookeeper tells Larry the Lion goes to Sleep
Larry the Lion roams

Zookeeper tells Charlie the Cat goes to Sleep
Charlie the Cat roams

Zookeeper tells Camy the Cat goes to Sleep
Camy the Cat Purrs...

Zookeeper tells Henry the Hippo goes to Sleep
Henry the Hippo goes to sleep

Zookeeper tells Harley the Hippo goes to Sleep
Harley the Hippo goes to sleep

Zookeeper tells Rich the Rhino goes to Sleep
Rich the Rhino goes to sleep

Zookeeper tells Raven the Rhion goes to Sleep
Raven the Rhion goes to sleep

Zookeeper tells Doug the Dog goes to Sleep
Doug the Dog goes to sleep

Zookeeper tells Daniel the Dog goes to Sleep
Daniel the Dog goes to sleep

Zookeeper tells Walter the Wolf goes to Sleep
Walter the Wolf goes to sleep

Zookeeper tells Warren the Wolf goes to Sleep
Warren the Wolf goes to sleep

Zookeeper tells Fred the Frog goes to Sleep
Fred the Frog goes to sleep

Zookeeper tells Francis the Frog goes to Sleep
Francis the Frog goes to sleep

Zookeeper tells Tim the Toad goes to Sleep
Tim the Toad goes to sleep

Zookeeper tells Toadete the Toad goes to Sleep
Toadete the Toad goes to sleep

Zookeeper leaves the zoo for the night

